#! /usr/bin/vvp
:ivl_version "0.9.7 " "(v0_9_7)";
:vpi_time_precision - 12;
:vpi_module "system";
:vpi_module "v2005_math";
:vpi_module "va_math";
S_0x26c5010 .scope module, "filler_tb" "filler_tb" 2 5;
 .timescale -9 -12;
P_0x26c9208 .param/l "ADDR_WIDTH" 2 7, +C4<01111>;
v0x26da870_0 .var "clk_25", 0 0;
v0x26da910_0 .net "pixel", 0 0, v0x26da500_0; 1 drivers
v0x26da9c0_0 .var "reset_n", 0 0;
v0x26daa70_0 .net "we", 0 0, v0x26da6f0_0; 1 drivers
v0x26dab50_0 .net "write_addr", 14 0, v0x26da7d0_0; 1 drivers
S_0x26c8820 .scope module, "fill_FB" "filler" 2 31, 3 1, S_0x26c5010;
 .timescale -9 -12;
P_0x26c9118 .param/l "ADDR_WIDTH" 3 3, +C4<01111>;
v0x26c8910_0 .net "clk_25", 0 0, v0x26da870_0; 1 drivers
v0x26da460_0 .var "h_count", 7 0;
v0x26da500_0 .var "pixel", 0 0;
v0x26da5a0_0 .net "reset_n", 0 0, v0x26da9c0_0; 1 drivers
v0x26da650_0 .var "v_count", 6 0;
v0x26da6f0_0 .var "we", 0 0;
v0x26da7d0_0 .var "write_addr", 14 0;
E_0x26c4f40/0 .event negedge, v0x26da5a0_0;
E_0x26c4f40/1 .event posedge, v0x26c8910_0;
E_0x26c4f40 .event/or E_0x26c4f40/0, E_0x26c4f40/1;
    .scope S_0x26c8820;
T_0 ;
    %wait E_0x26c4f40;
    %load/v 8, v0x26da5a0_0, 1;
    %inv 8, 1;
    %jmp/0xz  T_0.0, 8;
    %ix/load 0, 8, 0;
    %assign/v0 v0x26da460_0, 0, 0;
    %ix/load 0, 7, 0;
    %assign/v0 v0x26da650_0, 0, 0;
    %ix/load 0, 15, 0;
    %assign/v0 v0x26da7d0_0, 0, 0;
    %ix/load 0, 1, 0;
    %assign/v0 v0x26da6f0_0, 0, 1;
    %jmp T_0.1;
T_0.0 ;
    %ix/load 0, 1, 0;
    %assign/v0 v0x26da500_0, 0, 1;
    %movi 8, 40, 9;
    %load/v 17, v0x26da460_0, 8;
    %mov 25, 0, 1;
    %cmp/u 8, 17, 9;
    %mov 8, 5, 1;
    %load/v 9, v0x26da460_0, 8;
    %mov 17, 0, 1;
   %cmpi/u 9, 119, 9;
    %mov 9, 5, 1;
    %and 8, 9, 1;
    %movi 9, 30, 8;
    %load/v 17, v0x26da650_0, 7;
    %mov 24, 0, 1;
    %cmp/u 9, 17, 8;
    %mov 9, 5, 1;
    %load/v 10, v0x26da650_0, 7;
    %mov 17, 0, 2;
   %cmpi/u 10, 89, 9;
    %mov 10, 5, 1;
    %and 9, 10, 1;
    %and 8, 9, 1;
    %jmp/0xz  T_0.2, 8;
    %ix/load 0, 1, 0;
    %assign/v0 v0x26da500_0, 0, 0;
T_0.2 ;
    %load/v 8, v0x26da460_0, 8;
    %mov 16, 0, 2;
   %cmpi/u 8, 159, 10;
    %jmp/0xz  T_0.4, 5;
    %load/v 8, v0x26da460_0, 8;
    %mov 16, 0, 24;
    %addi 8, 1, 32;
    %ix/load 0, 8, 0;
    %assign/v0 v0x26da460_0, 0, 8;
    %jmp T_0.5;
T_0.4 ;
    %ix/load 0, 8, 0;
    %assign/v0 v0x26da460_0, 0, 0;
    %load/v 8, v0x26da650_0, 7;
    %mov 15, 0, 2;
   %cmpi/u 8, 119, 9;
    %jmp/0xz  T_0.6, 5;
    %load/v 8, v0x26da650_0, 7;
    %mov 15, 0, 25;
    %addi 8, 1, 32;
    %ix/load 0, 7, 0;
    %assign/v0 v0x26da650_0, 0, 8;
    %jmp T_0.7;
T_0.6 ;
    %ix/load 0, 7, 0;
    %assign/v0 v0x26da650_0, 0, 0;
T_0.7 ;
T_0.5 ;
    %load/v 8, v0x26da7d0_0, 15;
    %mov 23, 0, 2;
   %cmpi/u 8, 19199, 17;
    %jmp/0xz  T_0.8, 5;
    %load/v 8, v0x26da7d0_0, 15;
    %mov 23, 0, 17;
    %addi 8, 1, 32;
    %ix/load 0, 15, 0;
    %assign/v0 v0x26da7d0_0, 0, 8;
    %jmp T_0.9;
T_0.8 ;
    %ix/load 0, 15, 0;
    %assign/v0 v0x26da7d0_0, 0, 0;
T_0.9 ;
T_0.1 ;
    %jmp T_0;
    .thread T_0;
    .scope S_0x26c5010;
T_1 ;
    %set/v v0x26da870_0, 0, 1;
    %set/v v0x26da9c0_0, 1, 1;
    %delay 5000, 0;
    %set/v v0x26da9c0_0, 0, 1;
    %delay 10000, 0;
    %set/v v0x26da9c0_0, 1, 1;
    %end;
    .thread T_1;
    .scope S_0x26c5010;
T_2 ;
    %delay 5000, 0;
    %load/v 8, v0x26da870_0, 1;
    %inv 8, 1;
    %set/v v0x26da870_0, 8, 1;
    %jmp T_2;
    .thread T_2;
# The file index is used to find the file name in the following table.
:file_names 4;
    "N/A";
    "<interactive>";
    "filler_tb.sv";
    "./filler.v";
